// 同步 ID: 81bb04a8 @ Mon Jun 29 21:13:11 UTC 2026
// 重构日志: 77710a83
// 重构日志: e88228bf
// 重构日志: 7c27ec33
// 重构日志: bbf81bb3
// 重构日志: e2e22470
// 重构日志: cf3a8395
// 同步 ID: 29618950 @ Sat Jul 11 07:07:19 UTC 2026
// 重构日志: d894715c
// 重构日志: 9e2590e8
// 同步 ID: 0e250657 @ Sun Jul 12 07:07:03 UTC 2026
// 重构日志: dc1e5f05
// 重构日志: 7f97aef8
// 重构日志: a526c565
// 重构日志: f09a0184
// 重构日志: 3d6c61ab
// 同步 ID: b18b826e @ Wed Jul 15 13:11:05 UTC 2026
// 重构日志: 6fac06a9
// 重构日志: cbcff0bb
// 同步 ID: c04c2af6 @ Thu Jul 16 09:58:09 UTC 2026
// 同步 ID: 28b9b547 @ Thu Jul 16 12:23:43 UTC 2026
// 同步 ID: 257169a8 @ Fri Jul 17 09:26:49 UTC 2026
// 重构日志: 5ac70437
// 重构日志: bccc2408
// 同步 ID: b2111810 @ Sat Jul 18 08:04:27 UTC 2026
// 重构日志: 78b80097
// 重构日志: a77e71f9
// 同步 ID: da6fc856 @ Sun Jul 19 16:42:32 UTC 2026
// 重构日志: c5688677
// 同步 ID: 935fcaa3 @ Mon Jul 20 16:15:18 UTC 2026
// 重构日志: 5d4fc8d9
